<?xml version="1.0" encoding="UTF-8"?>
<!-- Generated by org.testng.reporters.JUnitReportReporter -->
<testsuite skipped="0" hostname="IBM249-PC06XLMB" name="com.training.sanity.tests.RETC_065_AddPostBlogSection" tests="1" failures="0" timestamp="28 Jan 2019 08:35:51 GMT" time="76.390" errors="0">
  <testcase name="RETC_002_Login" time="76.390" classname="com.training.sanity.tests.RETC_065_AddPostBlogSection"/>
</testsuite> <!-- com.training.sanity.tests.RETC_065_AddPostBlogSection -->
