<?xml version="1.0" encoding="UTF-8"?>
<!-- Generated by org.testng.reporters.JUnitReportReporter -->
<testsuite skipped="0" hostname="IBM249-PC06XLMB" name="com.training.sanity.tests.RETC_005_changePassword" tests="1" failures="0" timestamp="28 Jan 2019 04:29:50 GMT" time="67.360" errors="0">
  <testcase name="RETC_005_changePassword" time="67.360" classname="com.training.sanity.tests.RETC_005_changePassword"/>
</testsuite> <!-- com.training.sanity.tests.RETC_005_changePassword -->
