<?xml version="1.0" encoding="UTF-8"?>
<!-- Generated by org.testng.reporters.JUnitReportReporter -->
<testsuite skipped="0" hostname="IBM249-PC06XLMB" name="com.training.regression.tests.LoginExcelTest" tests="2" failures="0" timestamp="23 Jan 2019 08:59:53 GMT" time="55.223" errors="0">
  <testcase name="loginDBTest" time="25.562" classname="com.training.regression.tests.LoginExcelTest"/>
  <testcase name="loginDBTest" time="29.661" classname="com.training.regression.tests.LoginExcelTest"/>
</testsuite> <!-- com.training.regression.tests.LoginExcelTest -->
