<?xml version="1.0" encoding="UTF-8"?>
<!-- Generated by org.testng.reporters.JUnitReportReporter -->
<testsuite skipped="0" hostname="IBM249-PC06XLMB" name="com.training.regression.tests.LoginDBTest" tests="1" failures="0" timestamp="31 Jan 2019 13:17:04 GMT" time="52.156" errors="0">
  <testcase name="loginDBTest" time="52.156" classname="com.training.regression.tests.LoginDBTest"/>
</testsuite> <!-- com.training.regression.tests.LoginDBTest -->
