<?xml version="1.0" encoding="UTF-8"?>
<!-- Generated by org.testng.reporters.JUnitReportReporter -->
<testsuite skipped="0" hostname="IBM249-PC06XLMB" name="com.training.sanity.tests.RETC_65_AddPostBlogSection" tests="1" failures="0" timestamp="23 Jan 2019 03:32:35 GMT" time="51.125" errors="0">
  <testcase name="RETC_002_Login" time="51.125" classname="com.training.sanity.tests.RETC_65_AddPostBlogSection"/>
</testsuite> <!-- com.training.sanity.tests.RETC_65_AddPostBlogSection -->
