<?xml version="1.0" encoding="UTF-8"?>
<!-- Generated by org.testng.reporters.JUnitReportReporter -->
<testsuite skipped="0" hostname="IBM249-PC06XLMB" name="com.training.sanity.tests.RETC_035_AddedUser" tests="1" failures="0" timestamp="28 Jan 2019 04:53:31 GMT" time="62.379" errors="0">
  <testcase name="f" time="62.379" classname="com.training.sanity.tests.RETC_035_AddedUser"/>
</testsuite> <!-- com.training.sanity.tests.RETC_035_AddedUser -->
