<?xml version="1.0" encoding="UTF-8"?>
<!-- Generated by org.testng.reporters.JUnitReportReporter -->
<testsuite skipped="0" hostname="IBM249-PC06XLMB" name="com.training.sanity.tests.RETC_032_EnquireAndCalculateLoan" tests="1" failures="0" timestamp="21 Jan 2019 07:17:02 GMT" time="107.138" errors="0">
  <testcase name="RETC_002_Login" time="107.138" classname="com.training.sanity.tests.RETC_032_EnquireAndCalculateLoan"/>
</testsuite> <!-- com.training.sanity.tests.RETC_032_EnquireAndCalculateLoan -->
