<?xml version="1.0" encoding="UTF-8"?>
<!-- Generated by org.testng.reporters.JUnitReportReporter -->
<testsuite skipped="0" hostname="IBM249-PC06XLMB" name="com.training.sanity.tests.RETC_004_updateProfile" tests="1" failures="0" timestamp="28 Jan 2019 04:28:19 GMT" time="60.172" errors="0">
  <testcase name="RETC_004_updateProfile" time="60.172" classname="com.training.sanity.tests.RETC_004_updateProfile"/>
</testsuite> <!-- com.training.sanity.tests.RETC_004_updateProfile -->
