<?xml version="1.0" encoding="UTF-8"?>
<!-- Generated by org.testng.reporters.JUnitReportReporter -->
<testsuite skipped="0" hostname="IBM249-PC06XLMB" name="com.training.sanity.tests.ConnectMySQL" tests="1" failures="0" timestamp="31 Jan 2019 13:36:05 GMT" time="0.287" errors="0">
  <testcase name="testDB" time="0.287" classname="com.training.sanity.tests.ConnectMySQL"/>
</testsuite> <!-- com.training.sanity.tests.ConnectMySQL -->
