<?xml version="1.0" encoding="UTF-8"?>
<!-- Generated by org.testng.reporters.JUnitReportReporter -->
<testsuite skipped="0" hostname="IBM249-PC06XLMB" name="com.training.sanity.tests.RETC_061_MultipleUsersLogin" tests="2" failures="0" timestamp="28 Jan 2019 04:56:05 GMT" time="107.804" errors="0">
  <testcase name="f" time="59.241" classname="com.training.sanity.tests.RETC_061_MultipleUsersLogin"/>
  <testcase name="f" time="48.563" classname="com.training.sanity.tests.RETC_061_MultipleUsersLogin"/>
</testsuite> <!-- com.training.sanity.tests.RETC_061_MultipleUsersLogin -->
