<?xml version="1.0" encoding="UTF-8"?>
<!-- Generated by org.testng.reporters.JUnitReportReporter -->
<testsuite skipped="0" hostname="IBM249-PC06XLMB" name="com.training.sanity.tests.RETC_002_Login" tests="1" failures="0" timestamp="28 Jan 2019 04:19:02 GMT" time="55.903" errors="0">
  <testcase name="RETC_002_Login" time="55.903" classname="com.training.sanity.tests.RETC_002_Login"/>
</testsuite> <!-- com.training.sanity.tests.RETC_002_Login -->
