<?xml version="1.0" encoding="UTF-8"?>
<!-- Generated by org.testng.reporters.JUnitReportReporter -->
<testsuite skipped="0" hostname="IBM249-PC06XLMB" name="com.training.sanity.tests.RETC_003_ResetPassword" tests="1" failures="0" timestamp="16 Jan 2019 11:07:41 GMT" time="75.916" errors="0">
  <testcase name="validRETC_003_ResetPassword" time="75.916" classname="com.training.sanity.tests.RETC_003_ResetPassword"/>
</testsuite> <!-- com.training.sanity.tests.RETC_003_ResetPassword -->
