<?xml version="1.0" encoding="UTF-8"?>
<!-- Generated by org.testng.reporters.JUnitReportReporter -->
<testsuite skipped="0" hostname="IBM249-PC06XLMB" name="com.training.sanity.tests.RETC_031_AddNewProperty" tests="1" failures="0" timestamp="21 Jan 2019 07:05:11 GMT" time="51.741" errors="0">
  <testcase name="RETC_002_Login" time="51.741" classname="com.training.sanity.tests.RETC_031_AddNewProperty"/>
</testsuite> <!-- com.training.sanity.tests.RETC_031_AddNewProperty -->
