<?xml version="1.0" encoding="UTF-8"?>
<!-- Generated by org.testng.reporters.JUnitReportReporter -->
<testsuite skipped="0" hostname="IBM249-PC06XLMB" name="com.training.sanity.tests.RETC_062_MultipleUsersRegister" tests="1" failures="0" timestamp="31 Jan 2019 15:27:47 GMT" time="40.297" errors="0">
  <testcase name="registerDBTest" time="40.297" classname="com.training.sanity.tests.RETC_062_MultipleUsersRegister"/>
</testsuite> <!-- com.training.sanity.tests.RETC_062_MultipleUsersRegister -->
