<?xml version="1.0" encoding="UTF-8"?>
<!-- Generated by org.testng.reporters.JUnitReportReporter -->
<testsuite skipped="0" hostname="IBM249-PC06XLMB" name="com.training.sanity.tests.NewTest" tests="1" failures="0" timestamp="31 Jan 2019 09:40:29 GMT" time="0.002" errors="0">
  <testcase name="f" time="0.002" classname="com.training.sanity.tests.NewTest"/>
</testsuite> <!-- com.training.sanity.tests.NewTest -->
