<?xml version="1.0" encoding="UTF-8"?>
<!-- Generated by org.testng.reporters.JUnitReportReporter -->
<testsuite skipped="0" hostname="IBM249-PC06XLMB" name="com.training.sanity.tests.RETC_001_REGISTER" tests="1" failures="0" timestamp="28 Jan 2019 04:17:46 GMT" time="59.559" errors="0">
  <testcase name="validRETC_001_REGISTER" time="59.559" classname="com.training.sanity.tests.RETC_001_REGISTER"/>
</testsuite> <!-- com.training.sanity.tests.RETC_001_REGISTER -->
